# JRE version: OpenJDK Runtime Environment Temurin-21.0.12.1+1 (21.0.12.1+1) (build 21.0.12.1+1-LTS)
# Java VM: OpenJDK 64-Bit Server VM Temurin-21.0.12.1+1 (21.0.12.1+1-LTS, mixed mode, sharing, tiered, compressed oops, compressed class ptrs, parallel gc, windows-amd64)
GC Precious Log:
 CardTable entry size: 512
 CPUs: 4 total, 4 available
 Memory: 7915M
 Large Page Support: Disabled
 NUMA Support: Disabled
 Compressed Oops: Enabled (32-bit)
 Alignments: Space 512K, Generation 512K, Heap 2M
 Heap Min Capacity: 100M
 Heap Initial Capacity: 100M
 Heap Max Capacity: 2G
 Pre-touch: Disabled
 Parallel Workers: 4
Heap:
 PSYoungGen      total 8192K, used 3561K [0x00000000d5580000, 0x00000000d6100000, 0x0000000100000000)
  eden space 4608K, 0% used [0x00000000d5580000,0x00000000d5580000,0x00000000d5a00000)
  from space 3584K, 99% used [0x00000000d5a00000,0x00000000d5d7a4a0,0x00000000d5d80000)
  to   space 3584K, 0% used [0x00000000d5d80000,0x00000000d5d80000,0x00000000d6100000)
 ParOldGen       total 1398272K, used 65053K [0x0000000080000000, 0x00000000d5580000, 0x00000000d5580000)
  object space 1398272K, 4% used [0x0000000080000000,0x0000000083f87738,0x00000000d5580000)
 Metaspace       used 66146K, committed 67648K, reserved 1114112K
  class space    used 6800K, committed 7488K, reserved 1048576K
GC Heap History (20 events):
Event: 3534.461 GC heap before
{Heap before GC invocations=29021 (full 17):
 PSYoungGen      total 4096K, used 3904K [0x00000000d5580000, 0x00000000d5a80000, 0x0000000100000000)
  eden space 3072K, 100% used [0x00000000d5580000,0x00000000d5880000,0x00000000d5880000)
  from space 1024K, 81% used [0x00000000d5980000,0x00000000d5a50020,0x00000000d5a80000)
  to   space 1024K, 0% used [0x00000000d5880000,0x00000000d5880000,0x00000000d5980000)
 ParOldGen       total 1398272K, used 63818K [0x0000000080000000, 0x00000000d5580000, 0x00000000d5580000)
  object space 1398272K, 4% used [0x0000000080000000,0x0000000083e52b58,0x00000000d5580000)
 Metaspace       used 65678K, committed 67328K, reserved 1114112K
  class space    used 6729K, committed 7488K, reserved 1048576K
}
Event: 3534.462 GC heap after
{Heap after GC invocations=29021 (full 17):
 PSYoungGen      total 4096K, used 916K [0x00000000d5580000, 0x00000000d5b00000, 0x0000000100000000)
  eden space 3072K, 0% used [0x00000000d5580000,0x00000000d5580000,0x00000000d5880000)
  from space 1024K, 89% used [0x00000000d5880000,0x00000000d59650b8,0x00000000d5980000)
  to   space 1024K, 0% used [0x00000000d5a00000,0x00000000d5a00000,0x00000000d5b00000)
 ParOldGen       total 1398272K, used 63818K [0x0000000080000000, 0x00000000d5580000, 0x00000000d5580000)
  object space 1398272K, 4% used [0x0000000080000000,0x0000000083e52b58,0x00000000d5580000)
 Metaspace       used 65678K, committed 67328K, reserved 1114112K
  class space    used 6729K, committed 7488K, reserved 1048576K
}
Event: 3534.623 GC heap before
{Heap before GC invocations=29022 (full 17):
 PSYoungGen      total 4096K, used 3988K [0x00000000d5580000, 0x00000000d5b00000, 0x0000000100000000)
  eden space 3072K, 100% used [0x00000000d5580000,0x00000000d5880000,0x00000000d5880000)
  from space 1024K, 89% used [0x00000000d5880000,0x00000000d59650b8,0x00000000d5980000)
  to   space 1024K, 0% used [0x00000000d5a00000,0x00000000d5a00000,0x00000000d5b00000)
 ParOldGen       total 1398272K, used 63818K [0x0000000080000000, 0x00000000d5580000, 0x00000000d5580000)
  object space 1398272K, 4% used [0x0000000080000000,0x0000000083e52b58,0x00000000d5580000)
 Metaspace       used 65718K, committed 67328K, reserved 1114112K
  class space    used 6732K, committed 7488K, reserved 1048576K
}
Event: 3534.626 GC heap after
{Heap after GC invocations=29022 (full 17):
 PSYoungGen      total 4608K, used 948K [0x00000000d5580000, 0x00000000d5b00000, 0x0000000100000000)
  eden space 3584K, 0% used [0x00000000d5580000,0x00000000d5580000,0x00000000d5900000)
  from space 1024K, 92% used [0x00000000d5a00000,0x00000000d5aed0b8,0x00000000d5b00000)
  to   space 1024K, 0% used [0x00000000d5900000,0x00000000d5900000,0x00000000d5a00000)
 ParOldGen       total 1398272K, used 63818K [0x0000000080000000, 0x00000000d5580000, 0x00000000d5580000)
  object space 1398272K, 4% used [0x0000000080000000,0x0000000083e52b58,0x00000000d5580000)
 Metaspace       used 65718K, committed 67328K, reserved 1114112K
  class space    used 6732K, committed 7488K, reserved 1048576K
}
Event: 3535.574 GC heap before
{Heap before GC invocations=29023 (full 17):
 PSYoungGen      total 4608K, used 4532K [0x00000000d5580000, 0x00000000d5b00000, 0x0000000100000000)
  eden space 3584K, 100% used [0x00000000d5580000,0x00000000d5900000,0x00000000d5900000)
  from space 1024K, 92% used [0x00000000d5a00000,0x00000000d5aed0b8,0x00000000d5b00000)
  to   space 1024K, 0% used [0x00000000d5900000,0x00000000d5900000,0x00000000d5a00000)
 ParOldGen       total 1398272K, used 63818K [0x0000000080000000, 0x00000000d5580000, 0x00000000d5580000)
  object space 1398272K, 4% used [0x0000000080000000,0x0000000083e52b58,0x00000000d5580000)
 Metaspace       used 65841K, committed 67392K, reserved 1114112K
  class space    used 6745K, committed 7488K, reserved 1048576K
}
Event: 3535.577 GC heap after
{Heap after GC invocations=29023 (full 17):
 PSYoungGen      total 4608K, used 852K [0x00000000d5580000, 0x00000000d5b80000, 0x0000000100000000)
  eden space 3584K, 0% used [0x00000000d5580000,0x00000000d5580000,0x00000000d5900000)
  from space 1024K, 83% used [0x00000000d5900000,0x00000000d59d50b8,0x00000000d5a00000)
  to   space 1024K, 0% used [0x00000000d5a80000,0x00000000d5a80000,0x00000000d5b80000)
 ParOldGen       total 1398272K, used 63818K [0x0000000080000000, 0x00000000d5580000, 0x00000000d5580000)
  object space 1398272K, 4% used [0x0000000080000000,0x0000000083e52b58,0x00000000d5580000)
 Metaspace       used 65841K, committed 67392K, reserved 1114112K
  class space    used 6745K, committed 7488K, reserved 1048576K
}
Event: 3537.471 GC heap before
{Heap before GC invocations=29024 (full 17):
 PSYoungGen      total 4608K, used 4435K [0x00000000d5580000, 0x00000000d5b80000, 0x0000000100000000)
  eden space 3584K, 99% used [0x00000000d5580000,0x00000000d58fff40,0x00000000d5900000)
  from space 1024K, 83% used [0x00000000d5900000,0x00000000d59d50b8,0x00000000d5a00000)
  to   space 1024K, 0% used [0x00000000d5a80000,0x00000000d5a80000,0x00000000d5b80000)
 ParOldGen       total 1398272K, used 63818K [0x0000000080000000, 0x00000000d5580000, 0x00000000d5580000)
  object space 1398272K, 4% used [0x0000000080000000,0x0000000083e52b58,0x00000000d5580000)
 Metaspace       used 65983K, committed 67520K, reserved 1114112K
  class space    used 6769K, committed 7488K, reserved 1048576K
}
Event: 3537.491 GC heap after
{Heap after GC invocations=29024 (full 17):
 PSYoungGen      total 4608K, used 992K [0x00000000d5580000, 0x00000000d5c80000, 0x0000000100000000)
  eden space 3584K, 0% used [0x00000000d5580000,0x00000000d5580000,0x00000000d5900000)
  from space 1024K, 96% used [0x00000000d5a80000,0x00000000d5b78020,0x00000000d5b80000)
  to   space 1536K, 0% used [0x00000000d5900000,0x00000000d5900000,0x00000000d5a80000)
 ParOldGen       total 1398272K, used 63949K [0x0000000080000000, 0x00000000d5580000, 0x00000000d5580000)
  object space 1398272K, 4% used [0x0000000080000000,0x0000000083e736f8,0x00000000d5580000)
 Metaspace       used 65983K, committed 67520K, reserved 1114112K
  class space    used 6769K, committed 7488K, reserved 1048576K
}
Event: 3537.539 GC heap before
{Heap before GC invocations=29025 (full 17):
 PSYoungGen      total 4608K, used 4576K [0x00000000d5580000, 0x00000000d5c80000, 0x0000000100000000)
  eden space 3584K, 100% used [0x00000000d5580000,0x00000000d5900000,0x00000000d5900000)
  from space 1024K, 96% used [0x00000000d5a80000,0x00000000d5b78020,0x00000000d5b80000)
  to   space 1536K, 0% used [0x00000000d5900000,0x00000000d5900000,0x00000000d5a80000)
 ParOldGen       total 1398272K, used 63949K [0x0000000080000000, 0x00000000d5580000, 0x00000000d5580000)
  object space 1398272K, 4% used [0x0000000080000000,0x0000000083e736f8,0x00000000d5580000)
 Metaspace       used 66005K, committed 67520K, reserved 1114112K
  class space    used 6773K, committed 7488K, reserved 1048576K
}
Event: 3537.547 GC heap after
{Heap after GC invocations=29025 (full 17):
 PSYoungGen      total 5120K, used 1371K [0x00000000d5580000, 0x00000000d5c80000, 0x0000000100000000)
  eden space 3584K, 0% used [0x00000000d5580000,0x00000000d5580000,0x00000000d5900000)
  from space 1536K, 89% used [0x00000000d5900000,0x00000000d5a56c08,0x00000000d5a80000)
  to   space 1536K, 0% used [0x00000000d5b00000,0x00000000d5b00000,0x00000000d5c80000)
 ParOldGen       total 1398272K, used 64125K [0x0000000080000000, 0x00000000d5580000, 0x00000000d5580000)
  object space 1398272K, 4% used [0x0000000080000000,0x0000000083e9f718,0x00000000d5580000)
 Metaspace       used 66005K, committed 67520K, reserved 1114112K
  class space    used 6773K, committed 7488K, reserved 1048576K
}
Event: 3538.026 GC heap before
{Heap before GC invocations=29026 (full 17):
 PSYoungGen      total 5120K, used 4955K [0x00000000d5580000, 0x00000000d5c80000, 0x0000000100000000)
  eden space 3584K, 100% used [0x00000000d5580000,0x00000000d5900000,0x00000000d5900000)
  from space 1536K, 89% used [0x00000000d5900000,0x00000000d5a56c08,0x00000000d5a80000)
  to   space 1536K, 0% used [0x00000000d5b00000,0x00000000d5b00000,0x00000000d5c80000)
 ParOldGen       total 1398272K, used 64125K [0x0000000080000000, 0x00000000d5580000, 0x00000000d5580000)
  object space 1398272K, 4% used [0x0000000080000000,0x0000000083e9f718,0x00000000d5580000)
 Metaspace       used 66058K, committed 67584K, reserved 1114112K
  class space    used 6791K, committed 7488K, reserved 1048576K
}
Event: 3538.027 GC heap after
{Heap after GC invocations=29026 (full 17):
 PSYoungGen      total 5632K, used 1499K [0x00000000d5580000, 0x00000000d5c80000, 0x0000000100000000)
  eden space 4096K, 0% used [0x00000000d5580000,0x00000000d5580000,0x00000000d5980000)
  from space 1536K, 97% used [0x00000000d5b00000,0x00000000d5c76c08,0x00000000d5c80000)
  to   space 1536K, 0% used [0x00000000d5980000,0x00000000d5980000,0x00000000d5b00000)
 ParOldGen       total 1398272K, used 64125K [0x0000000080000000, 0x00000000d5580000, 0x00000000d5580000)
  object space 1398272K, 4% used [0x0000000080000000,0x0000000083e9f718,0x00000000d5580000)
 Metaspace       used 66058K, committed 67584K, reserved 1114112K
  class space    used 6791K, committed 7488K, reserved 1048576K
}
Event: 3540.138 GC heap before
{Heap before GC invocations=29027 (full 17):
 PSYoungGen      total 5632K, used 5595K [0x00000000d5580000, 0x00000000d5c80000, 0x0000000100000000)
  eden space 4096K, 100% used [0x00000000d5580000,0x00000000d5980000,0x00000000d5980000)
  from space 1536K, 97% used [0x00000000d5b00000,0x00000000d5c76c08,0x00000000d5c80000)
  to   space 1536K, 0% used [0x00000000d5980000,0x00000000d5980000,0x00000000d5b00000)
 ParOldGen       total 1398272K, used 64125K [0x0000000080000000, 0x00000000d5580000, 0x00000000d5580000)
  object space 1398272K, 4% used [0x0000000080000000,0x0000000083e9f718,0x00000000d5580000)
 Metaspace       used 66146K, committed 67648K, reserved 1114112K
  class space    used 6800K, committed 7488K, reserved 1048576K
}
Event: 3540.145 GC heap after
{Heap after GC invocations=29027 (full 17):
 PSYoungGen      total 5632K, used 1515K [0x00000000d5580000, 0x00000000d5e00000, 0x0000000100000000)
  eden space 4096K, 0% used [0x00000000d5580000,0x00000000d5580000,0x00000000d5980000)
  from space 1536K, 98% used [0x00000000d5980000,0x00000000d5afae88,0x00000000d5b00000)
  to   space 2048K, 0% used [0x00000000d5c00000,0x00000000d5c00000,0x00000000d5e00000)
 ParOldGen       total 1398272K, used 64181K [0x0000000080000000, 0x00000000d5580000, 0x00000000d5580000)
  object space 1398272K, 4% used [0x0000000080000000,0x0000000083ead718,0x00000000d5580000)
 Metaspace       used 66146K, committed 67648K, reserved 1114112K
  class space    used 6800K, committed 7488K, reserved 1048576K
}
Event: 3540.241 GC heap before
{Heap before GC invocations=29028 (full 17):
 PSYoungGen      total 5632K, used 5611K [0x00000000d5580000, 0x00000000d5e00000, 0x0000000100000000)
  eden space 4096K, 100% used [0x00000000d5580000,0x00000000d5980000,0x00000000d5980000)
  from space 1536K, 98% used [0x00000000d5980000,0x00000000d5afae88,0x00000000d5b00000)
  to   space 2048K, 0% used [0x00000000d5c00000,0x00000000d5c00000,0x00000000d5e00000)
 ParOldGen       total 1398272K, used 64181K [0x0000000080000000, 0x00000000d5580000, 0x00000000d5580000)
  object space 1398272K, 4% used [0x0000000080000000,0x0000000083ead718,0x00000000d5580000)
 Metaspace       used 66146K, committed 67648K, reserved 1114112K
  class space    used 6800K, committed 7488K, reserved 1048576K
}
Event: 3540.269 GC heap after
{Heap after GC invocations=29028 (full 17):
 PSYoungGen      total 6144K, used 2006K [0x00000000d5580000, 0x00000000d5f00000, 0x0000000100000000)
  eden space 4096K, 0% used [0x00000000d5580000,0x00000000d5580000,0x00000000d5980000)
  from space 2048K, 97% used [0x00000000d5c00000,0x00000000d5df5aa0,0x00000000d5e00000)
  to   space 2560K, 0% used [0x00000000d5980000,0x00000000d5980000,0x00000000d5c00000)
 ParOldGen       total 1398272K, used 64341K [0x0000000080000000, 0x00000000d5580000, 0x00000000d5580000)
  object space 1398272K, 4% used [0x0000000080000000,0x0000000083ed5718,0x00000000d5580000)
 Metaspace       used 66146K, committed 67648K, reserved 1114112K
  class space    used 6800K, committed 7488K, reserved 1048576K
}
Event: 3540.303 GC heap before
{Heap before GC invocations=29029 (full 17):
 PSYoungGen      total 6144K, used 6098K [0x00000000d5580000, 0x00000000d5f00000, 0x0000000100000000)
  eden space 4096K, 99% used [0x00000000d5580000,0x00000000d597ef38,0x00000000d5980000)
  from space 2048K, 97% used [0x00000000d5c00000,0x00000000d5df5aa0,0x00000000d5e00000)
  to   space 2560K, 0% used [0x00000000d5980000,0x00000000d5980000,0x00000000d5c00000)
 ParOldGen       total 1398272K, used 64341K [0x0000000080000000, 0x00000000d5580000, 0x00000000d5580000)
  object space 1398272K, 4% used [0x0000000080000000,0x0000000083ed5718,0x00000000d5580000)
 Metaspace       used 66146K, committed 67648K, reserved 1114112K
  class space    used 6800K, committed 7488K, reserved 1048576K
}
Event: 3540.308 GC heap after
{Heap after GC invocations=29029 (full 17):
 PSYoungGen      total 6656K, used 2499K [0x00000000d5580000, 0x00000000d6000000, 0x0000000100000000)
  eden space 4096K, 0% used [0x00000000d5580000,0x00000000d5580000,0x00000000d5980000)
  from space 2560K, 97% used [0x00000000d5980000,0x00000000d5bf0cb0,0x00000000d5c00000)
  to   space 3072K, 0% used [0x00000000d5d00000,0x00000000d5d00000,0x00000000d6000000)
 ParOldGen       total 1398272K, used 64341K [0x0000000080000000, 0x00000000d5580000, 0x00000000d5580000)
  object space 1398272K, 4% used [0x0000000080000000,0x0000000083ed5718,0x00000000d5580000)
 Metaspace       used 66146K, committed 67648K, reserved 1114112K
  class space    used 6800K, committed 7488K, reserved 1048576K
}
Event: 3540.401 GC heap before
{Heap before GC invocations=29030 (full 17):
 PSYoungGen      total 6656K, used 6595K [0x00000000d5580000, 0x00000000d6000000, 0x0000000100000000)
  eden space 4096K, 100% used [0x00000000d5580000,0x00000000d5980000,0x00000000d5980000)
  from space 2560K, 97% used [0x00000000d5980000,0x00000000d5bf0cb0,0x00000000d5c00000)
  to   space 3072K, 0% used [0x00000000d5d00000,0x00000000d5d00000,0x00000000d6000000)
 ParOldGen       total 1398272K, used 64341K [0x0000000080000000, 0x00000000d5580000, 0x00000000d5580000)
  object space 1398272K, 4% used [0x0000000080000000,0x0000000083ed5718,0x00000000d5580000)
 Metaspace       used 66146K, committed 67648K, reserved 1114112K
  class space    used 6800K, committed 7488K, reserved 1048576K
}
Event: 3540.410 GC heap after
{Heap after GC invocations=29030 (full 17):
 PSYoungGen      total 7168K, used 3040K [0x00000000d5580000, 0x00000000d6100000, 0x0000000100000000)
  eden space 4096K, 0% used [0x00000000d5580000,0x00000000d5580000,0x00000000d5980000)
  from space 3072K, 98% used [0x00000000d5d00000,0x00000000d5ff8190,0x00000000d6000000)
  to   space 3584K, 0% used [0x00000000d5980000,0x00000000d5980000,0x00000000d5d00000)
 ParOldGen       total 1398272K, used 64421K [0x0000000080000000, 0x00000000d5580000, 0x00000000d5580000)
  object space 1398272K, 4% used [0x0000000080000000,0x0000000083ee9718,0x00000000d5580000)
 Metaspace       used 66146K, committed 67648K, reserved 1114112K
  class space    used 6800K, committed 7488K, reserved 1048576K
}

